Using pre-set license
Built from '2020.2/staging' branch; Version is '2020.2.7f1 (c53830e277f1) revision 12924976'; Using compiler version '192528614'; Build Type 'Release'
OS: 'Windows 10 Pro; OS build 19042.867; Version 2009; 64bit' Language: 'de' Physical Memory: 16332 MB
BatchMode: 1, IsHumanControllingUs: 0, StartBugReporterOnCrash: 0, Is64bit: 1, IsPro: 0

 COMMAND LINE ARGUMENTS:
D:\Coding\Unity\2020.2.7f1\Editor\Unity.exe
-adb2
-batchMode
-noUpm
-name
AssetImportWorker0
-projectPath
C:/Users/Daniel/Desktop/Projects/Zelda Like
-logFile
Logs/AssetImportWorker0.log
-srvPort
51843
Successfully changed project path to: C:/Users/Daniel/Desktop/Projects/Zelda Like
C:/Users/Daniel/Desktop/Projects/Zelda Like
Using Asset Import Pipeline V2.
Refreshing native plugins compatible for Editor in 52.53 ms, found 1 plugins.
Preloading 0 native plugins for Editor in 0.00 ms.
Initialize engine version: 2020.2.7f1 (c53830e277f1)
[Subsystems] Discovering subsystems at path D:/Coding/Unity/2020.2.7f1/Editor/Data/Resources/UnitySubsystems
[Subsystems] Discovering subsystems at path C:/Users/Daniel/Desktop/Projects/Zelda Like/Assets
GfxDevice: creating device client; threaded=0
Direct3D:
    Version:  Direct3D 11.0 [level 11.1]
    Renderer: NVIDIA GeForce GTX 1050 Ti (ID=0x1c82)
    Vendor:   
    VRAM:     4018 MB
    Driver:   27.21.14.6109
Initialize mono
Mono path[0] = 'D:/Coding/Unity/2020.2.7f1/Editor/Data/Managed'
Mono path[1] = 'D:/Coding/Unity/2020.2.7f1/Editor/Data/MonoBleedingEdge/lib/mono/unityjit'
Mono config path = 'D:/Coding/Unity/2020.2.7f1/Editor/Data/MonoBleedingEdge/etc'
Using monoOptions --debugger-agent=transport=dt_socket,embedding=1,server=y,suspend=n,address=127.0.0.1:56536
Begin MonoManager ReloadAssembly
Registering precompiled unity dll's ...
Register platform support module: D:/Coding/Unity/2020.2.7f1/Editor/Data/PlaybackEngines/WindowsStandaloneSupport/UnityEditor.WindowsStandalone.Extensions.dll
Registered in 0.001326 seconds.
Native extension for WindowsStandalone target not found
Refreshing native plugins compatible for Editor in 50.19 ms, found 1 plugins.
Preloading 0 native plugins for Editor in 0.00 ms.
Invoked RoslynAnalysisRunner static constructor.
RoslynAnalysisRunner will not be running.
RoslynAnalysisRunner has terminated.
Mono: successfully reloaded assembly
- Completed reload, in  1.097 seconds
Platform modules already initialized, skipping
Registering precompiled user dll's ...
Registered in 0.001351 seconds.
Begin MonoManager ReloadAssembly
Native extension for WindowsStandalone target not found
Refreshing native plugins compatible for Editor in 50.46 ms, found 1 plugins.
Preloading 0 native plugins for Editor in 0.00 ms.
Invoked RoslynAnalysisRunner static constructor.
RoslynAnalysisRunner will not be running.
RoslynAnalysisRunner has terminated.
Mono: successfully reloaded assembly
- Completed reload, in  1.012 seconds
Platform modules already initialized, skipping
========================================================================
Worker process is ready to serve import requests
Launched and connected shader compiler UnityShaderCompiler.exe after 0.06 seconds
Refreshing native plugins compatible for Editor in 0.50 ms, found 1 plugins.
Preloading 0 native plugins for Editor in 0.00 ms.
Unloading 1966 Unused Serialized files (Serialized files now loaded: 0)
System memory in use before: 89.0 MB.
System memory in use after: 89.1 MB.

Unloading 19 unused Assets to reduce memory usage. Loaded Objects now: 2414.
Total: 2.106600 ms (FindLiveObjects: 0.216900 ms CreateObjectMapping: 0.051400 ms MarkObjects: 1.770900 ms  DeleteObjects: 0.066400 ms)

========================================================================
Received Import Request.
  path: Assets/Art/gfx/gfx/objects.png
  artifactKey: Guid(7097021ac92723c4cbcc3fca9c390623) Importer(815301076,1909f56bfc062723c751e8b465ee728b)
Start importing Assets/Art/gfx/gfx/objects.png using Guid(7097021ac92723c4cbcc3fca9c390623) Importer(815301076,1909f56bfc062723c751e8b465ee728b)  -> (artifact id: '94e4829c1b6078b529c9303c639b3251') in 0.359360 seconds
  Import took 0.363207 seconds .

========================================================================
Received Import Request.
  Time since last request: 20.486230 seconds.
  path: Assets/Art/gfx/gfx/Sprite Atlas.spriteatlas
  artifactKey: Guid(bb37bd2142808b04fa58376748f2b87b) Importer(815301076,1909f56bfc062723c751e8b465ee728b)
Start importing Assets/Art/gfx/gfx/Sprite Atlas.spriteatlas using Guid(bb37bd2142808b04fa58376748f2b87b) Importer(815301076,1909f56bfc062723c751e8b465ee728b)  -> (artifact id: '92ad6ccae33c20a752f783620f966ab0') in 0.009195 seconds
  Import took 0.012710 seconds .

========================================================================
Received Import Request.
  Time since last request: 15.565139 seconds.
  path: Assets/SuperTiled2Unity/Examples/Overhead/Maps/Zoria Tileset/overhead-objects.tsx
  artifactKey: Guid(3a9a22dfb9db3dd48a4ecfa6ff3b5b2b) Importer(815301076,1909f56bfc062723c751e8b465ee728b)
Start importing Assets/SuperTiled2Unity/Examples/Overhead/Maps/Zoria Tileset/overhead-objects.tsx using Guid(3a9a22dfb9db3dd48a4ecfa6ff3b5b2b) Importer(815301076,1909f56bfc062723c751e8b465ee728b)  -> (artifact id: 'a797197b2665f314c4c59b971c5f3729') in 0.023843 seconds
  Import took 0.027174 seconds .

========================================================================
Received Import Request.
  Time since last request: 0.309060 seconds.
  path: Assets/SuperTiled2Unity/Examples/Overhead/Maps/Zoria Tileset/scraps.tsx
  artifactKey: Guid(28ab63655fc26f245b3526f40d569f26) Importer(815301076,1909f56bfc062723c751e8b465ee728b)
Start importing Assets/SuperTiled2Unity/Examples/Overhead/Maps/Zoria Tileset/scraps.tsx using Guid(28ab63655fc26f245b3526f40d569f26) Importer(815301076,1909f56bfc062723c751e8b465ee728b)  -> (artifact id: 'bd777874820bd5a9ba9ec2972cbe1a22') in 0.032160 seconds
  Import took 0.037524 seconds .

========================================================================
Received Import Request.
  Time since last request: 0.000399 seconds.
  path: Assets/SuperTiled2Unity/Examples/Overhead/Maps/Zoria Tileset/water.tsx
  artifactKey: Guid(395cc0fa4c1b74645a04fc09f7a12252) Importer(815301076,1909f56bfc062723c751e8b465ee728b)
Start importing Assets/SuperTiled2Unity/Examples/Overhead/Maps/Zoria Tileset/water.tsx using Guid(395cc0fa4c1b74645a04fc09f7a12252) Importer(815301076,1909f56bfc062723c751e8b465ee728b)  -> (artifact id: 'aef70a23085a9d01fc6affc3c6274459') in 0.020146 seconds
  Import took 0.024530 seconds .

========================================================================
Received Import Request.
  Time since last request: 0.000371 seconds.
  path: Assets/SuperTiled2Unity/Examples/Overhead/Maps/Zoria Tileset/tiles.tsx
  artifactKey: Guid(8bab38e08aad5fa4fbb603f5d9dbe190) Importer(815301076,1909f56bfc062723c751e8b465ee728b)
Start importing Assets/SuperTiled2Unity/Examples/Overhead/Maps/Zoria Tileset/tiles.tsx using Guid(8bab38e08aad5fa4fbb603f5d9dbe190) Importer(815301076,1909f56bfc062723c751e8b465ee728b)  -> (artifact id: 'bee5ec359855ac008072f125dcb788c1') in 0.033651 seconds
  Import took 0.039155 seconds .

========================================================================
Received Import Request.
  Time since last request: 0.000323 seconds.
  path: Assets/Art/gfx/gfx/cave.png
  artifactKey: Guid(1a86453091cd46342a8677a67b29e2ef) Importer(815301076,1909f56bfc062723c751e8b465ee728b)
Start importing Assets/Art/gfx/gfx/cave.png using Guid(1a86453091cd46342a8677a67b29e2ef) Importer(815301076,1909f56bfc062723c751e8b465ee728b)  -> (artifact id: '7d7d9f394dc0a5fe3ca57db0d1129b44') in 0.014664 seconds
  Import took 0.018249 seconds .

========================================================================
Received Import Request.
  Time since last request: 0.000445 seconds.
  path: Assets/SuperTiled2Unity/Examples/Overhead/Maps/Zoria Tileset/scraps.tsx
  artifactKey: Guid(28ab63655fc26f245b3526f40d569f26) Importer(815301076,1909f56bfc062723c751e8b465ee728b)
Start importing Assets/SuperTiled2Unity/Examples/Overhead/Maps/Zoria Tileset/scraps.tsx using Guid(28ab63655fc26f245b3526f40d569f26) Importer(815301076,1909f56bfc062723c751e8b465ee728b)  -> (artifact id: 'bd777874820bd5a9ba9ec2972cbe1a22') in 0.028352 seconds
  Import took 0.035257 seconds .

========================================================================
Received Import Request.
  Time since last request: 3.942347 seconds.
  path: Assets/Art/gfx/gfx/character.png
  artifactKey: Guid(cd4e438c93260b54eaae0cb3b5a1cfd1) Importer(815301076,1909f56bfc062723c751e8b465ee728b)
Start importing Assets/Art/gfx/gfx/character.png using Guid(cd4e438c93260b54eaae0cb3b5a1cfd1) Importer(815301076,1909f56bfc062723c751e8b465ee728b)  -> (artifact id: '88cb6f6c0d30d03d84551b32c567288e') in 0.142504 seconds
  Import took 0.146224 seconds .

========================================================================
Received Import Request.
  Time since last request: 0.003272 seconds.
  path: Assets/Art/gfx/gfx/character.png
  artifactKey: Guid(cd4e438c93260b54eaae0cb3b5a1cfd1) Importer(815301076,1909f56bfc062723c751e8b465ee728b)
Start importing Assets/Art/gfx/gfx/character.png using Guid(cd4e438c93260b54eaae0cb3b5a1cfd1) Importer(815301076,1909f56bfc062723c751e8b465ee728b)  -> (artifact id: '88cb6f6c0d30d03d84551b32c567288e') in 0.140643 seconds
  Import took 0.144371 seconds .

========================================================================
Received Import Request.
  Time since last request: 11.075696 seconds.
  path: Assets/Art/gfx/gfx/Sprite Atlas.spriteatlas
  artifactKey: Guid(bb37bd2142808b04fa58376748f2b87b) Importer(815301076,1909f56bfc062723c751e8b465ee728b)
Start importing Assets/Art/gfx/gfx/Sprite Atlas.spriteatlas using Guid(bb37bd2142808b04fa58376748f2b87b) Importer(815301076,1909f56bfc062723c751e8b465ee728b)  -> (artifact id: '0f678b46bbbaa0296ca52d214421b8d0') in 0.050093 seconds
  Import took 0.056848 seconds .

========================================================================
Received Prepare
Registering precompiled user dll's ...
Registered in 0.001688 seconds.
Begin MonoManager ReloadAssembly
Native extension for WindowsStandalone target not found
Refreshing native plugins compatible for Editor in 0.51 ms, found 1 plugins.
Preloading 0 native plugins for Editor in 0.00 ms.
Invoked RoslynAnalysisRunner static constructor.
RoslynAnalysisRunner will not be running.
RoslynAnalysisRunner has terminated.
Mono: successfully reloaded assembly
- Completed reload, in  0.963 seconds
Platform modules already initialized, skipping
Refreshing native plugins compatible for Editor in 0.66 ms, found 1 plugins.
Preloading 0 native plugins for Editor in 0.00 ms.
Unloading 1956 Unused Serialized files (Serialized files now loaded: 0)
System memory in use before: 94.4 MB.
System memory in use after: 94.5 MB.

Unloading 7 unused Assets to reduce memory usage. Loaded Objects now: 2569.
Total: 2.039500 ms (FindLiveObjects: 0.270600 ms CreateObjectMapping: 0.064700 ms MarkObjects: 1.688200 ms  DeleteObjects: 0.014500 ms)

AssetImportWorkerClient::OnTransportError - code=2 error=End of file
